<?xml version="1.0" encoding="UTF-8"?>
<!-- Generated by org.testng.reporters.JUnitReportReporter -->
<testsuite hostname="LAPTOP-RuchiraA" failures="0" tests="4" name="api.test.UserTests" time="7.696" errors="0" timestamp="2024-03-15T11:53:42 NZDT" skipped="0">
  <testcase classname="api.test.UserTests" name="testPostUser" time="2.309"/>
  <testcase classname="api.test.UserTests" name="testGetUserByName" time="1.092"/>
  <testcase classname="api.test.UserTests" name="testUpdateUserByName" time="2.140"/>
  <testcase classname="api.test.UserTests" name="testDeleteUserByName" time="2.155"/>
</testsuite> <!-- api.test.UserTests -->
