<?xml version="1.0" encoding="UTF-8"?>
<!-- Generated by org.testng.reporters.JUnitReportReporter -->
<testsuite hostname="LAPTOP-RuchiraA" failures="0" tests="9" name="api.test.DDTests" time="10.971" errors="0" timestamp="2024-03-13T11:02:50 NZDT" skipped="0">
  <testcase classname="api.test.DDTests" name="testPostUser" time="1.088"/>
  <testcase classname="api.test.DDTests" name="testPostUser" time="1.093"/>
  <testcase classname="api.test.DDTests" name="testPostUser" time="2.367"/>
  <testcase classname="api.test.DDTests" name="testGetUserByName" time="1.098"/>
  <testcase classname="api.test.DDTests" name="testGetUserByName" time="1.073"/>
  <testcase classname="api.test.DDTests" name="testGetUserByName" time="1.060"/>
  <testcase classname="api.test.DDTests" name="testDeleteUserByName" time="1.064"/>
  <testcase classname="api.test.DDTests" name="testDeleteUserByName" time="1.061"/>
  <testcase classname="api.test.DDTests" name="testDeleteUserByName" time="1.067"/>
</testsuite> <!-- api.test.DDTests -->
