<?xml version="1.0" encoding="UTF-8"?>
<!-- Generated by org.testng.reporters.JUnitReportReporter -->
<testsuite hostname="LAPTOP-RuchiraA" failures="0" tests="4" name="api.test.UserTests2" time="7.691" errors="0" timestamp="2024-03-15T13:20:30 NZDT" skipped="0">
  <testcase classname="api.test.UserTests2" name="testPostUser" time="2.268"/>
  <testcase classname="api.test.UserTests2" name="testGetUserByName" time="1.105"/>
  <testcase classname="api.test.UserTests2" name="testUpdateUserByName" time="2.138"/>
  <testcase classname="api.test.UserTests2" name="testDeleteUserByName" time="2.180"/>
</testsuite> <!-- api.test.UserTests2 -->
