<?xml version="1.0" encoding="UTF-8"?>
<!-- Generated by org.testng.reporters.JUnitReportReporter -->
<testsuite hostname="LAPTOP-RuchiraA" failures="0" tests="4" name="api.test.UserTests2" time="9.474" errors="0" timestamp="2024-03-15T15:42:47 NZDT" skipped="0">
  <testcase classname="api.test.UserTests2" name="testPostUser" time="3.942"/>
  <testcase classname="api.test.UserTests2" name="testGetUserByName" time="1.124"/>
  <testcase classname="api.test.UserTests2" name="testUpdateUserByName" time="2.204"/>
  <testcase classname="api.test.UserTests2" name="testDeleteUserByName" time="2.204"/>
</testsuite> <!-- api.test.UserTests2 -->
